<?xml version="1.0" encoding="UTF-8"?>
<!-- Generated by org.testng.reporters.JUnitReportReporter -->
<testsuite hostname="DESKTOP-LH58MJ1" failures="0" tests="4" name="delta_Airline.delta_Header" time="64.174" errors="0" timestamp="2023-06-26T17:36:53 EDT" skipped="0">
  <testcase classname="delta_Airline.delta_Header" name="book" time="12.563"/>
  <testcase classname="delta_Airline.delta_Header" name="myTrips" time="9.411"/>
  <testcase classname="delta_Airline.delta_Header" name="checkin" time="15.126"/>
  <testcase classname="delta_Airline.delta_Header" name="flight_Status" time="27.074"/>
</testsuite> <!-- delta_Airline.delta_Header -->
