<?xml version="1.0" encoding="UTF-8"?>
<!-- Generated by org.testng.reporters.JUnitReportReporter -->
<testsuite hostname="DESKTOP-LH58MJ1" failures="0" tests="1" name="delta_Airline.delta_header2" time="14.429" errors="0" timestamp="2023-06-26T17:36:53 EDT" skipped="0">
  <testcase classname="delta_Airline.delta_header2" name="travel_info" time="14.429"/>
</testsuite> <!-- delta_Airline.delta_header2 -->
